2021-08-31 13:16:29,673 [Worker-7: Loading available Gradle versions] INFO  o.e.b.c.i.u.g.PublishedGradleVersions - Gradle version information cache is up-to-date. Trying to read.
2021-08-31 13:17:08,215 [Worker-10: Importing Maven projects] INFO  o.e.m.c.i.e.AbstractTransferListenerAdapter - Downloading https://repo.maven.apache.org/maven2/com/spotify/dockerfile-maven-plugin/1.4.13/dockerfile-maven-plugin-1.4.13.pom
2021-08-31 13:17:08,572 [Worker-10: Importing Maven projects] INFO  o.e.m.c.i.e.AbstractTransferListenerAdapter - Downloaded https://repo.maven.apache.org/maven2/com/spotify/dockerfile-maven-plugin/1.4.13/dockerfile-maven-plugin-1.4.13.pom
2021-08-31 13:17:08,770 [Worker-10: Importing Maven projects] INFO  o.e.m.c.i.e.AbstractTransferListenerAdapter - Downloading https://repo.maven.apache.org/maven2/com/spotify/dockerfile-maven/1.4.13/dockerfile-maven-1.4.13.pom
2021-08-31 13:17:08,969 [Worker-10: Importing Maven projects] INFO  o.e.m.c.i.e.AbstractTransferListenerAdapter - Downloaded https://repo.maven.apache.org/maven2/com/spotify/dockerfile-maven/1.4.13/dockerfile-maven-1.4.13.pom
2021-08-31 13:17:09,167 [Worker-10: Importing Maven projects] INFO  o.e.m.c.i.e.AbstractTransferListenerAdapter - Downloading https://repo.maven.apache.org/maven2/com/spotify/dockerfile-maven-plugin/1.4.13/dockerfile-maven-plugin-1.4.13.jar
2021-08-31 13:17:09,531 [Worker-10: Importing Maven projects] INFO  o.e.m.c.i.e.AbstractTransferListenerAdapter - Downloaded https://repo.maven.apache.org/maven2/com/spotify/dockerfile-maven-plugin/1.4.13/dockerfile-maven-plugin-1.4.13.jar
2021-08-31 13:17:10,099 [Worker-10: Importing Maven projects] INFO  o.e.m.c.i.e.AbstractTransferListenerAdapter - Downloading https://repo.maven.apache.org/maven2/org/apache/maven/plugins/maven-site-plugin/3.3/maven-site-plugin-3.3.jar
2021-08-31 13:17:10,514 [Worker-10: Importing Maven projects] INFO  o.e.m.c.i.e.AbstractTransferListenerAdapter - Downloaded https://repo.maven.apache.org/maven2/org/apache/maven/plugins/maven-site-plugin/3.3/maven-site-plugin-3.3.jar
2021-08-31 13:17:11,877 [Worker-10: Importing Maven projects] INFO  o.e.m.c.i.l.LifecycleMappingFactory - Using org.eclipse.m2e.jdt.JarLifecycleMapping lifecycle mapping for MavenProject: com.dailycodebuffer:cloud-config-server:0.0.1 @ /Users/pushkarchauhan91/Documents/workspace_sts/workspace_docker_k8s/cloud-config-server/pom.xml.
2021-08-31 13:17:13,496 [Worker-10: Importing Maven projects] INFO  o.e.m.c.i.e.AbstractTransferListenerAdapter - Downloading https://repo.maven.apache.org/maven2/org/assertj/assertj-core/3.16.1/assertj-core-3.16.1.pom
2021-08-31 13:17:13,866 [Worker-10: Importing Maven projects] INFO  o.e.m.c.i.e.AbstractTransferListenerAdapter - Downloaded https://repo.maven.apache.org/maven2/org/assertj/assertj-core/3.16.1/assertj-core-3.16.1.pom
2021-08-31 13:17:14,174 [Worker-10: Importing Maven projects] INFO  o.e.m.c.i.e.AbstractTransferListenerAdapter - Downloading https://repo.maven.apache.org/maven2/org/assertj/assertj-core/3.16.1/assertj-core-3.16.1.jar
2021-08-31 13:17:15,668 [Worker-10: Importing Maven projects] INFO  o.e.m.c.i.e.AbstractTransferListenerAdapter - Downloaded https://repo.maven.apache.org/maven2/org/assertj/assertj-core/3.16.1/assertj-core-3.16.1.jar
2021-08-31 13:17:15,866 [Worker-10: Importing Maven projects] INFO  o.e.m.c.i.l.LifecycleMappingFactory - Using org.eclipse.m2e.jdt.JarLifecycleMapping lifecycle mapping for MavenProject: com.dailycodebuffer:hystrix-dashboard:0.0.1 @ /Users/pushkarchauhan91/Documents/workspace_sts/workspace_docker_k8s/hystrix-dashboard/pom.xml.
2021-08-31 13:17:16,150 [Worker-10: Importing Maven projects] INFO  o.e.m.c.i.l.LifecycleMappingFactory - Using org.eclipse.m2e.jdt.JarLifecycleMapping lifecycle mapping for MavenProject: com.dailycodebuffer:cloud-gateway:0.0.1 @ /Users/pushkarchauhan91/Documents/workspace_sts/workspace_docker_k8s/cloud-gateway/pom.xml.
2021-08-31 13:17:16,486 [Worker-10: Importing Maven projects] INFO  o.e.m.c.i.l.LifecycleMappingFactory - Using org.eclipse.m2e.jdt.JarLifecycleMapping lifecycle mapping for MavenProject: com.dailycodebuffer:service-registry:0.0.1 @ /Users/pushkarchauhan91/Documents/workspace_sts/workspace_docker_k8s/service-registry/pom.xml.
2021-08-31 13:17:16,779 [Worker-10: Importing Maven projects] INFO  o.e.m.c.i.e.AbstractTransferListenerAdapter - Downloading https://repo.maven.apache.org/maven2/com/google/code/findbugs/jsr305/3.0.1/jsr305-3.0.1.jar
2021-08-31 13:17:16,968 [Worker-10: Importing Maven projects] INFO  o.e.m.c.i.e.AbstractTransferListenerAdapter - Downloaded https://repo.maven.apache.org/maven2/com/google/code/findbugs/jsr305/3.0.1/jsr305-3.0.1.jar
2021-08-31 13:17:17,130 [Worker-10: Importing Maven projects] INFO  o.e.m.c.i.l.LifecycleMappingFactory - Using org.eclipse.m2e.jdt.JarLifecycleMapping lifecycle mapping for MavenProject: com.dailycodebuffer:user-service:0.0.1 @ /Users/pushkarchauhan91/Documents/workspace_sts/workspace_docker_k8s/user-service/pom.xml.
2021-08-31 13:17:17,642 [Worker-10: Importing Maven projects] INFO  o.e.m.c.i.e.AbstractTransferListenerAdapter - Downloading https://repo.maven.apache.org/maven2/org/javassist/javassist/3.24.0-GA/javassist-3.24.0-GA.jar
2021-08-31 13:17:18,119 [Worker-10: Importing Maven projects] INFO  o.e.m.c.i.e.AbstractTransferListenerAdapter - Downloaded https://repo.maven.apache.org/maven2/org/javassist/javassist/3.24.0-GA/javassist-3.24.0-GA.jar
2021-08-31 13:17:18,294 [Worker-10: Importing Maven projects] INFO  o.e.m.c.i.l.LifecycleMappingFactory - Using org.eclipse.m2e.jdt.JarLifecycleMapping lifecycle mapping for MavenProject: com.dailycodebuffer:department-service:0.0.1 @ /Users/pushkarchauhan91/Documents/workspace_sts/workspace_docker_k8s/department-service/pom.xml.
2021-08-31 13:17:20,804 [Worker-10: Importing Maven projects] INFO  o.e.m.j.i.AbstractJavaProjectConfigurator - Adding source folder /service-registry/src/main/java
2021-08-31 13:17:20,805 [Worker-10: Importing Maven projects] INFO  o.e.m.j.i.AbstractJavaProjectConfigurator - Adding resource folder /service-registry/src/main/resources
2021-08-31 13:17:20,813 [Worker-10: Importing Maven projects] INFO  o.e.m.j.i.AbstractJavaProjectConfigurator - Adding resource folder /service-registry/src/main/resources
2021-08-31 13:17:20,819 [Worker-10: Importing Maven projects] INFO  o.e.m.j.i.AbstractJavaProjectConfigurator - Adding source folder /service-registry/src/test/java
2021-08-31 13:17:22,413 [Worker-1: Download sources and javadoc] INFO  o.e.m.c.i.e.AbstractTransferListenerAdapter - Downloading https://repo.maven.apache.org/maven2/org/assertj/assertj-core/3.16.1/assertj-core-3.16.1-sources.jar
2021-08-31 13:17:23,437 [Worker-1: Download sources and javadoc] INFO  o.e.m.c.i.e.AbstractTransferListenerAdapter - Downloaded https://repo.maven.apache.org/maven2/org/assertj/assertj-core/3.16.1/assertj-core-3.16.1-sources.jar
2021-08-31 13:17:23,441 [Worker-1: Download sources and javadoc] INFO  o.e.m.j.internal.DownloadSourcesJob - Downloaded sources for org.assertj:assertj-core:3.16.1
2021-08-31 13:17:27,581 [Worker-1: Download sources and javadoc] INFO  o.e.m.c.i.e.AbstractTransferListenerAdapter - Downloading https://repo.maven.apache.org/maven2/com/google/code/findbugs/jsr305/3.0.1/jsr305-3.0.1-sources.jar
2021-08-31 13:17:27,936 [Worker-1: Download sources and javadoc] INFO  o.e.m.c.i.e.AbstractTransferListenerAdapter - Downloaded https://repo.maven.apache.org/maven2/com/google/code/findbugs/jsr305/3.0.1/jsr305-3.0.1-sources.jar
2021-08-31 13:17:27,939 [Worker-1: Download sources and javadoc] INFO  o.e.m.j.internal.DownloadSourcesJob - Downloaded sources for com.google.code.findbugs:jsr305:3.0.1
2021-08-31 13:17:28,864 [Worker-10: Importing Maven projects] INFO  o.e.m.j.i.AbstractJavaProjectConfigurator - Adding source folder /user-service/src/main/java
2021-08-31 13:17:28,865 [Worker-10: Importing Maven projects] INFO  o.e.m.j.i.AbstractJavaProjectConfigurator - Adding resource folder /user-service/src/main/resources
2021-08-31 13:17:28,869 [Worker-10: Importing Maven projects] INFO  o.e.m.j.i.AbstractJavaProjectConfigurator - Adding resource folder /user-service/src/main/resources
2021-08-31 13:17:28,874 [Worker-10: Importing Maven projects] INFO  o.e.m.j.i.AbstractJavaProjectConfigurator - Adding source folder /user-service/src/test/java
2021-08-31 13:17:29,789 [Worker-1: Download sources and javadoc] INFO  o.e.m.c.i.e.AbstractTransferListenerAdapter - Downloading https://repo.maven.apache.org/maven2/org/javassist/javassist/3.24.0-GA/javassist-3.24.0-GA-sources.jar
2021-08-31 13:17:30,135 [Worker-10: Importing Maven projects] INFO  o.e.m.j.i.AbstractJavaProjectConfigurator - Adding source folder /hystrix-dashboard/src/main/java
2021-08-31 13:17:30,135 [Worker-10: Importing Maven projects] INFO  o.e.m.j.i.AbstractJavaProjectConfigurator - Adding resource folder /hystrix-dashboard/src/main/resources
2021-08-31 13:17:30,140 [Worker-10: Importing Maven projects] INFO  o.e.m.j.i.AbstractJavaProjectConfigurator - Adding resource folder /hystrix-dashboard/src/main/resources
2021-08-31 13:17:30,146 [Worker-10: Importing Maven projects] INFO  o.e.m.j.i.AbstractJavaProjectConfigurator - Adding source folder /hystrix-dashboard/src/test/java
2021-08-31 13:17:30,678 [Worker-10: Importing Maven projects] INFO  o.e.m.j.i.AbstractJavaProjectConfigurator - Adding source folder /department-service/src/main/java
2021-08-31 13:17:30,679 [Worker-10: Importing Maven projects] INFO  o.e.m.j.i.AbstractJavaProjectConfigurator - Adding resource folder /department-service/src/main/resources
2021-08-31 13:17:30,682 [Worker-10: Importing Maven projects] INFO  o.e.m.j.i.AbstractJavaProjectConfigurator - Adding resource folder /department-service/src/main/resources
2021-08-31 13:17:30,685 [Worker-10: Importing Maven projects] INFO  o.e.m.j.i.AbstractJavaProjectConfigurator - Adding source folder /department-service/src/test/java
2021-08-31 13:17:30,710 [Worker-1: Download sources and javadoc] INFO  o.e.m.c.i.e.AbstractTransferListenerAdapter - Downloaded https://repo.maven.apache.org/maven2/org/javassist/javassist/3.24.0-GA/javassist-3.24.0-GA-sources.jar
2021-08-31 13:17:30,713 [Worker-1: Download sources and javadoc] INFO  o.e.m.j.internal.DownloadSourcesJob - Downloaded sources for org.javassist:javassist:3.24.0-GA
2021-08-31 13:17:32,145 [Worker-10: Importing Maven projects] INFO  o.e.m.j.i.AbstractJavaProjectConfigurator - Adding source folder /cloud-config-server/src/main/java
2021-08-31 13:17:32,145 [Worker-10: Importing Maven projects] INFO  o.e.m.j.i.AbstractJavaProjectConfigurator - Adding resource folder /cloud-config-server/src/main/resources
2021-08-31 13:17:32,148 [Worker-10: Importing Maven projects] INFO  o.e.m.j.i.AbstractJavaProjectConfigurator - Adding resource folder /cloud-config-server/src/main/resources
2021-08-31 13:17:32,152 [Worker-10: Importing Maven projects] INFO  o.e.m.j.i.AbstractJavaProjectConfigurator - Adding source folder /cloud-config-server/src/test/java
2021-08-31 13:17:32,729 [Worker-10: Importing Maven projects] INFO  o.e.m.j.i.AbstractJavaProjectConfigurator - Adding source folder /cloud-gateway/src/main/java
2021-08-31 13:17:32,729 [Worker-10: Importing Maven projects] INFO  o.e.m.j.i.AbstractJavaProjectConfigurator - Adding resource folder /cloud-gateway/src/main/resources
2021-08-31 13:17:32,731 [Worker-10: Importing Maven projects] INFO  o.e.m.j.i.AbstractJavaProjectConfigurator - Adding resource folder /cloud-gateway/src/main/resources
2021-08-31 13:17:32,735 [Worker-10: Importing Maven projects] INFO  o.e.m.j.i.AbstractJavaProjectConfigurator - Adding source folder /cloud-gateway/src/test/java
2021-08-31 13:17:33,210 [Worker-10: Importing Maven projects] INFO  o.e.m.c.i.p.ProjectConfigurationManager - Imported and configured 6 project(s) in 29 sec
2021-08-31 13:17:38,909 [Worker-2: Building] INFO  o.e.m.c.i.embedder.EclipseLogger - Using 'UTF-8' encoding to copy filtered resources.
2021-08-31 13:17:38,921 [Worker-2: Building] INFO  o.e.m.c.i.embedder.EclipseLogger - Copying 2 resources
2021-08-31 13:17:38,955 [Worker-2: Building] INFO  o.e.m.c.i.embedder.EclipseLogger - Copying 0 resource
2021-08-31 13:17:38,967 [Worker-2: Building] INFO  o.e.m.c.i.embedder.EclipseLogger - Using 'UTF-8' encoding to copy filtered resources.
2021-08-31 13:17:38,967 [Worker-2: Building] INFO  o.e.m.c.i.embedder.EclipseLogger - skip non existing resourceDirectory /Users/pushkarchauhan91/Documents/workspace_sts/workspace_docker_k8s/cloud-config-server/src/test/resources
2021-08-31 13:17:39,388 [Worker-2: Building] INFO  o.e.m.c.i.embedder.EclipseLogger - Using 'UTF-8' encoding to copy filtered resources.
2021-08-31 13:17:39,389 [Worker-2: Building] INFO  o.e.m.c.i.embedder.EclipseLogger - Copying 2 resources
2021-08-31 13:17:39,396 [Worker-2: Building] INFO  o.e.m.c.i.embedder.EclipseLogger - Copying 1 resource
2021-08-31 13:17:39,407 [Worker-2: Building] INFO  o.e.m.c.i.embedder.EclipseLogger - Using 'UTF-8' encoding to copy filtered resources.
2021-08-31 13:17:39,408 [Worker-2: Building] INFO  o.e.m.c.i.embedder.EclipseLogger - skip non existing resourceDirectory /Users/pushkarchauhan91/Documents/workspace_sts/workspace_docker_k8s/cloud-gateway/src/test/resources
2021-08-31 13:17:40,260 [Worker-2: Building] INFO  o.e.m.c.i.embedder.EclipseLogger - Using 'UTF-8' encoding to copy filtered resources.
2021-08-31 13:17:40,261 [Worker-2: Building] INFO  o.e.m.c.i.embedder.EclipseLogger - Copying 2 resources
2021-08-31 13:17:40,265 [Worker-2: Building] INFO  o.e.m.c.i.embedder.EclipseLogger - Copying 1 resource
2021-08-31 13:17:40,271 [Worker-2: Building] INFO  o.e.m.c.i.embedder.EclipseLogger - Using 'UTF-8' encoding to copy filtered resources.
2021-08-31 13:17:40,271 [Worker-2: Building] INFO  o.e.m.c.i.embedder.EclipseLogger - skip non existing resourceDirectory /Users/pushkarchauhan91/Documents/workspace_sts/workspace_docker_k8s/department-service/src/test/resources
2021-08-31 13:17:41,719 [Worker-2: Building] INFO  o.e.m.c.i.embedder.EclipseLogger - Using 'UTF-8' encoding to copy filtered resources.
2021-08-31 13:17:41,721 [Worker-2: Building] INFO  o.e.m.c.i.embedder.EclipseLogger - Copying 2 resources
2021-08-31 13:17:41,725 [Worker-2: Building] INFO  o.e.m.c.i.embedder.EclipseLogger - Copying 1 resource
2021-08-31 13:17:41,732 [Worker-2: Building] INFO  o.e.m.c.i.embedder.EclipseLogger - Using 'UTF-8' encoding to copy filtered resources.
2021-08-31 13:17:41,732 [Worker-2: Building] INFO  o.e.m.c.i.embedder.EclipseLogger - skip non existing resourceDirectory /Users/pushkarchauhan91/Documents/workspace_sts/workspace_docker_k8s/hystrix-dashboard/src/test/resources
2021-08-31 13:17:41,938 [Worker-2: Building] INFO  o.e.m.c.i.embedder.EclipseLogger - Using 'UTF-8' encoding to copy filtered resources.
2021-08-31 13:17:41,939 [Worker-2: Building] INFO  o.e.m.c.i.embedder.EclipseLogger - Copying 2 resources
2021-08-31 13:17:41,946 [Worker-2: Building] INFO  o.e.m.c.i.embedder.EclipseLogger - Copying 0 resource
2021-08-31 13:17:41,951 [Worker-2: Building] INFO  o.e.m.c.i.embedder.EclipseLogger - Using 'UTF-8' encoding to copy filtered resources.
2021-08-31 13:17:41,952 [Worker-2: Building] INFO  o.e.m.c.i.embedder.EclipseLogger - skip non existing resourceDirectory /Users/pushkarchauhan91/Documents/workspace_sts/workspace_docker_k8s/service-registry/src/test/resources
2021-08-31 13:17:44,790 [Worker-2: Building] INFO  o.e.m.c.i.embedder.EclipseLogger - Using 'UTF-8' encoding to copy filtered resources.
2021-08-31 13:17:44,792 [Worker-2: Building] INFO  o.e.m.c.i.embedder.EclipseLogger - Copying 2 resources
2021-08-31 13:17:44,797 [Worker-2: Building] INFO  o.e.m.c.i.embedder.EclipseLogger - Copying 1 resource
2021-08-31 13:17:44,804 [Worker-2: Building] INFO  o.e.m.c.i.embedder.EclipseLogger - Using 'UTF-8' encoding to copy filtered resources.
2021-08-31 13:17:44,805 [Worker-2: Building] INFO  o.e.m.c.i.embedder.EclipseLogger - skip non existing resourceDirectory /Users/pushkarchauhan91/Documents/workspace_sts/workspace_docker_k8s/user-service/src/test/resources
2021-08-31 13:17:58,340 [Worker-9: Building] INFO  o.e.m.c.i.embedder.EclipseLogger - Using 'UTF-8' encoding to copy filtered resources.
2021-08-31 13:17:58,349 [Worker-9: Building] INFO  o.e.m.c.i.embedder.EclipseLogger - Copying 0 resource
2021-08-31 13:17:58,350 [Worker-9: Building] INFO  o.e.m.c.i.embedder.EclipseLogger - Copying 0 resource
2021-08-31 13:17:58,354 [Worker-9: Building] INFO  o.e.m.c.i.embedder.EclipseLogger - Using 'UTF-8' encoding to copy filtered resources.
2021-08-31 13:17:58,354 [Worker-9: Building] INFO  o.e.m.c.i.embedder.EclipseLogger - skip non existing resourceDirectory /Users/pushkarchauhan91/Documents/workspace_sts/workspace_docker_k8s/cloud-config-server/src/test/resources
2021-08-31 13:17:59,323 [Worker-9: Building] INFO  o.e.m.c.i.embedder.EclipseLogger - Using 'UTF-8' encoding to copy filtered resources.
2021-08-31 13:17:59,324 [Worker-9: Building] INFO  o.e.m.c.i.embedder.EclipseLogger - Copying 0 resource
2021-08-31 13:17:59,325 [Worker-9: Building] INFO  o.e.m.c.i.embedder.EclipseLogger - Copying 0 resource
2021-08-31 13:17:59,335 [Worker-9: Building] INFO  o.e.m.c.i.embedder.EclipseLogger - Using 'UTF-8' encoding to copy filtered resources.
2021-08-31 13:17:59,335 [Worker-9: Building] INFO  o.e.m.c.i.embedder.EclipseLogger - skip non existing resourceDirectory /Users/pushkarchauhan91/Documents/workspace_sts/workspace_docker_k8s/cloud-gateway/src/test/resources
2021-08-31 13:18:00,495 [Worker-9: Building] INFO  o.e.m.c.i.embedder.EclipseLogger - Using 'UTF-8' encoding to copy filtered resources.
2021-08-31 13:18:00,497 [Worker-9: Building] INFO  o.e.m.c.i.embedder.EclipseLogger - Copying 0 resource
2021-08-31 13:18:00,497 [Worker-9: Building] INFO  o.e.m.c.i.embedder.EclipseLogger - Copying 0 resource
2021-08-31 13:18:00,500 [Worker-9: Building] INFO  o.e.m.c.i.embedder.EclipseLogger - Using 'UTF-8' encoding to copy filtered resources.
2021-08-31 13:18:00,500 [Worker-9: Building] INFO  o.e.m.c.i.embedder.EclipseLogger - skip non existing resourceDirectory /Users/pushkarchauhan91/Documents/workspace_sts/workspace_docker_k8s/department-service/src/test/resources
2021-08-31 13:18:01,459 [Worker-9: Building] INFO  o.e.m.c.i.embedder.EclipseLogger - Using 'UTF-8' encoding to copy filtered resources.
2021-08-31 13:18:01,460 [Worker-9: Building] INFO  o.e.m.c.i.embedder.EclipseLogger - Copying 0 resource
2021-08-31 13:18:01,460 [Worker-9: Building] INFO  o.e.m.c.i.embedder.EclipseLogger - Copying 0 resource
2021-08-31 13:18:01,465 [Worker-9: Building] INFO  o.e.m.c.i.embedder.EclipseLogger - Using 'UTF-8' encoding to copy filtered resources.
2021-08-31 13:18:01,465 [Worker-9: Building] INFO  o.e.m.c.i.embedder.EclipseLogger - skip non existing resourceDirectory /Users/pushkarchauhan91/Documents/workspace_sts/workspace_docker_k8s/hystrix-dashboard/src/test/resources
2021-08-31 13:18:02,396 [Worker-9: Building] INFO  o.e.m.c.i.embedder.EclipseLogger - Using 'UTF-8' encoding to copy filtered resources.
2021-08-31 13:18:02,396 [Worker-9: Building] INFO  o.e.m.c.i.embedder.EclipseLogger - Copying 0 resource
2021-08-31 13:18:02,397 [Worker-9: Building] INFO  o.e.m.c.i.embedder.EclipseLogger - Copying 0 resource
2021-08-31 13:18:02,399 [Worker-9: Building] INFO  o.e.m.c.i.embedder.EclipseLogger - Using 'UTF-8' encoding to copy filtered resources.
2021-08-31 13:18:02,399 [Worker-9: Building] INFO  o.e.m.c.i.embedder.EclipseLogger - skip non existing resourceDirectory /Users/pushkarchauhan91/Documents/workspace_sts/workspace_docker_k8s/service-registry/src/test/resources
2021-08-31 13:18:03,260 [Worker-9: Building] INFO  o.e.m.c.i.embedder.EclipseLogger - Using 'UTF-8' encoding to copy filtered resources.
2021-08-31 13:18:03,261 [Worker-9: Building] INFO  o.e.m.c.i.embedder.EclipseLogger - Copying 0 resource
2021-08-31 13:18:03,261 [Worker-9: Building] INFO  o.e.m.c.i.embedder.EclipseLogger - Copying 0 resource
2021-08-31 13:18:03,266 [Worker-9: Building] INFO  o.e.m.c.i.embedder.EclipseLogger - Using 'UTF-8' encoding to copy filtered resources.
2021-08-31 13:18:03,266 [Worker-9: Building] INFO  o.e.m.c.i.embedder.EclipseLogger - skip non existing resourceDirectory /Users/pushkarchauhan91/Documents/workspace_sts/workspace_docker_k8s/user-service/src/test/resources
2021-08-31 13:18:05,026 [Worker-11: Rebuilding] INFO  o.e.m.c.i.embedder.EclipseLogger - Using 'UTF-8' encoding to copy filtered resources.
2021-08-31 13:18:05,027 [Worker-11: Rebuilding] INFO  o.e.m.c.i.embedder.EclipseLogger - Copying 2 resources
2021-08-31 13:18:05,035 [Worker-11: Rebuilding] INFO  o.e.m.c.i.embedder.EclipseLogger - Copying 0 resource
2021-08-31 13:18:05,039 [Worker-11: Rebuilding] INFO  o.e.m.c.i.embedder.EclipseLogger - Using 'UTF-8' encoding to copy filtered resources.
2021-08-31 13:18:05,039 [Worker-11: Rebuilding] INFO  o.e.m.c.i.embedder.EclipseLogger - skip non existing resourceDirectory /Users/pushkarchauhan91/Documents/workspace_sts/workspace_docker_k8s/cloud-config-server/src/test/resources
2021-08-31 13:18:06,576 [Worker-11: Rebuilding] INFO  o.e.m.c.i.embedder.EclipseLogger - Using 'UTF-8' encoding to copy filtered resources.
2021-08-31 13:18:06,576 [Worker-11: Rebuilding] INFO  o.e.m.c.i.embedder.EclipseLogger - Copying 2 resources
2021-08-31 13:18:06,581 [Worker-11: Rebuilding] INFO  o.e.m.c.i.embedder.EclipseLogger - Copying 1 resource
2021-08-31 13:18:06,587 [Worker-11: Rebuilding] INFO  o.e.m.c.i.embedder.EclipseLogger - Using 'UTF-8' encoding to copy filtered resources.
2021-08-31 13:18:06,588 [Worker-11: Rebuilding] INFO  o.e.m.c.i.embedder.EclipseLogger - skip non existing resourceDirectory /Users/pushkarchauhan91/Documents/workspace_sts/workspace_docker_k8s/cloud-gateway/src/test/resources
2021-08-31 13:18:07,768 [Worker-11: Rebuilding] INFO  o.e.m.c.i.embedder.EclipseLogger - Using 'UTF-8' encoding to copy filtered resources.
2021-08-31 13:18:07,769 [Worker-11: Rebuilding] INFO  o.e.m.c.i.embedder.EclipseLogger - Copying 2 resources
2021-08-31 13:18:07,774 [Worker-11: Rebuilding] INFO  o.e.m.c.i.embedder.EclipseLogger - Copying 1 resource
2021-08-31 13:18:07,779 [Worker-11: Rebuilding] INFO  o.e.m.c.i.embedder.EclipseLogger - Using 'UTF-8' encoding to copy filtered resources.
2021-08-31 13:18:07,779 [Worker-11: Rebuilding] INFO  o.e.m.c.i.embedder.EclipseLogger - skip non existing resourceDirectory /Users/pushkarchauhan91/Documents/workspace_sts/workspace_docker_k8s/department-service/src/test/resources
2021-08-31 13:18:08,549 [Worker-11: Rebuilding] INFO  o.e.m.c.i.embedder.EclipseLogger - Using 'UTF-8' encoding to copy filtered resources.
2021-08-31 13:18:08,549 [Worker-11: Rebuilding] INFO  o.e.m.c.i.embedder.EclipseLogger - Copying 2 resources
2021-08-31 13:18:08,553 [Worker-11: Rebuilding] INFO  o.e.m.c.i.embedder.EclipseLogger - Copying 1 resource
2021-08-31 13:18:08,559 [Worker-11: Rebuilding] INFO  o.e.m.c.i.embedder.EclipseLogger - Using 'UTF-8' encoding to copy filtered resources.
2021-08-31 13:18:08,559 [Worker-11: Rebuilding] INFO  o.e.m.c.i.embedder.EclipseLogger - skip non existing resourceDirectory /Users/pushkarchauhan91/Documents/workspace_sts/workspace_docker_k8s/hystrix-dashboard/src/test/resources
2021-08-31 13:18:09,474 [Worker-11: Rebuilding] INFO  o.e.m.c.i.embedder.EclipseLogger - Using 'UTF-8' encoding to copy filtered resources.
2021-08-31 13:18:09,474 [Worker-11: Rebuilding] INFO  o.e.m.c.i.embedder.EclipseLogger - Copying 2 resources
2021-08-31 13:18:09,478 [Worker-11: Rebuilding] INFO  o.e.m.c.i.embedder.EclipseLogger - Copying 0 resource
2021-08-31 13:18:09,488 [Worker-11: Rebuilding] INFO  o.e.m.c.i.embedder.EclipseLogger - Using 'UTF-8' encoding to copy filtered resources.
2021-08-31 13:18:09,488 [Worker-11: Rebuilding] INFO  o.e.m.c.i.embedder.EclipseLogger - skip non existing resourceDirectory /Users/pushkarchauhan91/Documents/workspace_sts/workspace_docker_k8s/service-registry/src/test/resources
2021-08-31 13:18:11,328 [Worker-11: Rebuilding] INFO  o.e.m.c.i.embedder.EclipseLogger - Using 'UTF-8' encoding to copy filtered resources.
2021-08-31 13:18:11,329 [Worker-11: Rebuilding] INFO  o.e.m.c.i.embedder.EclipseLogger - Copying 2 resources
2021-08-31 13:18:11,334 [Worker-11: Rebuilding] INFO  o.e.m.c.i.embedder.EclipseLogger - Copying 1 resource
2021-08-31 13:18:11,341 [Worker-11: Rebuilding] INFO  o.e.m.c.i.embedder.EclipseLogger - Using 'UTF-8' encoding to copy filtered resources.
2021-08-31 13:18:11,341 [Worker-11: Rebuilding] INFO  o.e.m.c.i.embedder.EclipseLogger - skip non existing resourceDirectory /Users/pushkarchauhan91/Documents/workspace_sts/workspace_docker_k8s/user-service/src/test/resources
2021-08-31 13:19:51,744 [Worker-11: Building] INFO  o.e.m.c.i.l.LifecycleMappingFactory - Using org.eclipse.m2e.jdt.JarLifecycleMapping lifecycle mapping for MavenProject: com.dailycodebuffer:user-service:0.0.1 @ /Users/pushkarchauhan91/Documents/workspace_sts/workspace_docker_k8s/user-service/pom.xml.
2021-08-31 13:19:54,967 [Worker-11: Building] INFO  o.e.m.c.i.embedder.EclipseLogger - Using 'UTF-8' encoding to copy filtered resources.
2021-08-31 13:19:54,968 [Worker-11: Building] INFO  o.e.m.c.i.embedder.EclipseLogger - Copying 0 resource
2021-08-31 13:19:54,968 [Worker-11: Building] INFO  o.e.m.c.i.embedder.EclipseLogger - Copying 0 resource
2021-08-31 13:19:54,971 [Worker-11: Building] INFO  o.e.m.c.i.embedder.EclipseLogger - Using 'UTF-8' encoding to copy filtered resources.
2021-08-31 13:19:54,972 [Worker-11: Building] INFO  o.e.m.c.i.embedder.EclipseLogger - skip non existing resourceDirectory /Users/pushkarchauhan91/Documents/workspace_sts/workspace_docker_k8s/user-service/src/test/resources
2021-08-31 13:24:12,041 [main] INFO  o.e.m2e.actions.ExecutePomAction - Creating new launch configuration
2021-08-31 13:25:45,824 [Worker-9: Building] INFO  o.e.m.c.i.l.LifecycleMappingFactory - Using org.eclipse.m2e.jdt.JarLifecycleMapping lifecycle mapping for MavenProject: com.dailycodebuffer:user-service:0.0.1 @ /Users/pushkarchauhan91/Documents/workspace_sts/workspace_docker_k8s/user-service/pom.xml.
2021-08-31 13:25:47,253 [Worker-9: Building] INFO  o.e.m.c.i.embedder.EclipseLogger - Using 'UTF-8' encoding to copy filtered resources.
2021-08-31 13:25:47,254 [Worker-9: Building] INFO  o.e.m.c.i.embedder.EclipseLogger - Copying 0 resource
2021-08-31 13:25:47,254 [Worker-9: Building] INFO  o.e.m.c.i.embedder.EclipseLogger - Copying 0 resource
2021-08-31 13:25:47,256 [Worker-9: Building] INFO  o.e.m.c.i.embedder.EclipseLogger - Using 'UTF-8' encoding to copy filtered resources.
2021-08-31 13:25:47,256 [Worker-9: Building] INFO  o.e.m.c.i.embedder.EclipseLogger - skip non existing resourceDirectory /Users/pushkarchauhan91/Documents/workspace_sts/workspace_docker_k8s/user-service/src/test/resources
2021-08-31 13:25:50,303 [Worker-15: Building] INFO  o.e.m.c.i.embedder.EclipseLogger - Using 'UTF-8' encoding to copy filtered resources.
2021-08-31 13:25:50,303 [Worker-15: Building] INFO  o.e.m.c.i.embedder.EclipseLogger - Copying 0 resource
2021-08-31 13:25:50,304 [Worker-15: Building] INFO  o.e.m.c.i.embedder.EclipseLogger - Copying 0 resource
2021-08-31 13:25:50,305 [Worker-15: Building] INFO  o.e.m.c.i.embedder.EclipseLogger - Using 'UTF-8' encoding to copy filtered resources.
2021-08-31 13:25:50,306 [Worker-15: Building] INFO  o.e.m.c.i.embedder.EclipseLogger - skip non existing resourceDirectory /Users/pushkarchauhan91/Documents/workspace_sts/workspace_docker_k8s/user-service/src/test/resources
2021-08-31 13:26:43,911 [Worker-13: Building] INFO  o.e.m.c.i.l.LifecycleMappingFactory - Using org.eclipse.m2e.jdt.JarLifecycleMapping lifecycle mapping for MavenProject: com.dailycodebuffer:service-registry:0.0.1 @ /Users/pushkarchauhan91/Documents/workspace_sts/workspace_docker_k8s/service-registry/pom.xml.
2021-08-31 13:26:46,204 [Worker-13: Building] INFO  o.e.m.c.i.embedder.EclipseLogger - Using 'UTF-8' encoding to copy filtered resources.
2021-08-31 13:26:46,205 [Worker-13: Building] INFO  o.e.m.c.i.embedder.EclipseLogger - Copying 0 resource
2021-08-31 13:26:46,205 [Worker-13: Building] INFO  o.e.m.c.i.embedder.EclipseLogger - Copying 0 resource
2021-08-31 13:26:46,209 [Worker-13: Building] INFO  o.e.m.c.i.embedder.EclipseLogger - Using 'UTF-8' encoding to copy filtered resources.
2021-08-31 13:26:46,210 [Worker-13: Building] INFO  o.e.m.c.i.embedder.EclipseLogger - skip non existing resourceDirectory /Users/pushkarchauhan91/Documents/workspace_sts/workspace_docker_k8s/service-registry/src/test/resources
2021-08-31 13:26:52,707 [Worker-12: Building] INFO  o.e.m.c.i.embedder.EclipseLogger - Using 'UTF-8' encoding to copy filtered resources.
2021-08-31 13:26:52,707 [Worker-12: Building] INFO  o.e.m.c.i.embedder.EclipseLogger - Copying 0 resource
2021-08-31 13:26:52,708 [Worker-12: Building] INFO  o.e.m.c.i.embedder.EclipseLogger - Copying 0 resource
2021-08-31 13:26:52,711 [Worker-12: Building] INFO  o.e.m.c.i.embedder.EclipseLogger - Using 'UTF-8' encoding to copy filtered resources.
2021-08-31 13:26:52,711 [Worker-12: Building] INFO  o.e.m.c.i.embedder.EclipseLogger - skip non existing resourceDirectory /Users/pushkarchauhan91/Documents/workspace_sts/workspace_docker_k8s/service-registry/src/test/resources
2021-08-31 13:27:00,169 [Worker-15: Building] INFO  o.e.m.c.i.embedder.EclipseLogger - Using 'UTF-8' encoding to copy filtered resources.
2021-08-31 13:27:00,171 [Worker-15: Building] INFO  o.e.m.c.i.embedder.EclipseLogger - Copying 0 resource
2021-08-31 13:27:00,172 [Worker-15: Building] INFO  o.e.m.c.i.embedder.EclipseLogger - Copying 0 resource
2021-08-31 13:27:00,175 [Worker-15: Building] INFO  o.e.m.c.i.embedder.EclipseLogger - Using 'UTF-8' encoding to copy filtered resources.
2021-08-31 13:27:00,175 [Worker-15: Building] INFO  o.e.m.c.i.embedder.EclipseLogger - skip non existing resourceDirectory /Users/pushkarchauhan91/Documents/workspace_sts/workspace_docker_k8s/hystrix-dashboard/src/test/resources
2021-08-31 13:27:12,374 [Worker-9: Building] INFO  o.e.m.c.i.l.LifecycleMappingFactory - Using org.eclipse.m2e.jdt.JarLifecycleMapping lifecycle mapping for MavenProject: com.dailycodebuffer:hystrix-dashboard:0.0.1 @ /Users/pushkarchauhan91/Documents/workspace_sts/workspace_docker_k8s/hystrix-dashboard/pom.xml.
2021-08-31 13:27:14,965 [Worker-9: Building] INFO  o.e.m.c.i.embedder.EclipseLogger - Using 'UTF-8' encoding to copy filtered resources.
2021-08-31 13:27:14,966 [Worker-9: Building] INFO  o.e.m.c.i.embedder.EclipseLogger - Copying 0 resource
2021-08-31 13:27:14,966 [Worker-9: Building] INFO  o.e.m.c.i.embedder.EclipseLogger - Copying 0 resource
2021-08-31 13:27:14,969 [Worker-9: Building] INFO  o.e.m.c.i.embedder.EclipseLogger - Using 'UTF-8' encoding to copy filtered resources.
2021-08-31 13:27:14,970 [Worker-9: Building] INFO  o.e.m.c.i.embedder.EclipseLogger - skip non existing resourceDirectory /Users/pushkarchauhan91/Documents/workspace_sts/workspace_docker_k8s/hystrix-dashboard/src/test/resources
2021-08-31 13:27:23,094 [Worker-13: Building] INFO  o.e.m.c.i.embedder.EclipseLogger - Using 'UTF-8' encoding to copy filtered resources.
2021-08-31 13:27:23,096 [Worker-13: Building] INFO  o.e.m.c.i.embedder.EclipseLogger - Copying 0 resource
2021-08-31 13:27:23,096 [Worker-13: Building] INFO  o.e.m.c.i.embedder.EclipseLogger - Copying 0 resource
2021-08-31 13:27:23,098 [Worker-13: Building] INFO  o.e.m.c.i.embedder.EclipseLogger - Using 'UTF-8' encoding to copy filtered resources.
2021-08-31 13:27:23,098 [Worker-13: Building] INFO  o.e.m.c.i.embedder.EclipseLogger - skip non existing resourceDirectory /Users/pushkarchauhan91/Documents/workspace_sts/workspace_docker_k8s/department-service/src/test/resources
2021-08-31 13:27:30,062 [Worker-9: Building] INFO  o.e.m.c.i.l.LifecycleMappingFactory - Using org.eclipse.m2e.jdt.JarLifecycleMapping lifecycle mapping for MavenProject: com.dailycodebuffer:department-service:0.0.1 @ /Users/pushkarchauhan91/Documents/workspace_sts/workspace_docker_k8s/department-service/pom.xml.
2021-08-31 13:27:33,089 [Worker-9: Building] INFO  o.e.m.c.i.embedder.EclipseLogger - Using 'UTF-8' encoding to copy filtered resources.
2021-08-31 13:27:33,090 [Worker-9: Building] INFO  o.e.m.c.i.embedder.EclipseLogger - Copying 0 resource
2021-08-31 13:27:33,090 [Worker-9: Building] INFO  o.e.m.c.i.embedder.EclipseLogger - Copying 0 resource
2021-08-31 13:27:33,093 [Worker-9: Building] INFO  o.e.m.c.i.embedder.EclipseLogger - Using 'UTF-8' encoding to copy filtered resources.
2021-08-31 13:27:33,094 [Worker-9: Building] INFO  o.e.m.c.i.embedder.EclipseLogger - skip non existing resourceDirectory /Users/pushkarchauhan91/Documents/workspace_sts/workspace_docker_k8s/department-service/src/test/resources
2021-08-31 13:27:35,093 [Worker-15: Building] INFO  o.e.m.c.i.l.LifecycleMappingFactory - Using org.eclipse.m2e.jdt.JarLifecycleMapping lifecycle mapping for MavenProject: com.dailycodebuffer:department-service:0.0.1 @ /Users/pushkarchauhan91/Documents/workspace_sts/workspace_docker_k8s/department-service/pom.xml.
2021-08-31 13:27:37,822 [Worker-15: Building] INFO  o.e.m.c.i.embedder.EclipseLogger - Using 'UTF-8' encoding to copy filtered resources.
2021-08-31 13:27:37,823 [Worker-15: Building] INFO  o.e.m.c.i.embedder.EclipseLogger - Copying 0 resource
2021-08-31 13:27:37,823 [Worker-15: Building] INFO  o.e.m.c.i.embedder.EclipseLogger - Copying 0 resource
2021-08-31 13:27:37,826 [Worker-15: Building] INFO  o.e.m.c.i.embedder.EclipseLogger - Using 'UTF-8' encoding to copy filtered resources.
2021-08-31 13:27:37,826 [Worker-15: Building] INFO  o.e.m.c.i.embedder.EclipseLogger - skip non existing resourceDirectory /Users/pushkarchauhan91/Documents/workspace_sts/workspace_docker_k8s/department-service/src/test/resources
2021-08-31 13:27:52,428 [Worker-9: Building] INFO  o.e.m.c.i.l.LifecycleMappingFactory - Using org.eclipse.m2e.jdt.JarLifecycleMapping lifecycle mapping for MavenProject: com.dailycodebuffer:cloud-gateway:0.0.1 @ /Users/pushkarchauhan91/Documents/workspace_sts/workspace_docker_k8s/cloud-gateway/pom.xml.
2021-08-31 13:27:55,223 [Worker-9: Building] INFO  o.e.m.c.i.embedder.EclipseLogger - Using 'UTF-8' encoding to copy filtered resources.
2021-08-31 13:27:55,224 [Worker-9: Building] INFO  o.e.m.c.i.embedder.EclipseLogger - Copying 0 resource
2021-08-31 13:27:55,224 [Worker-9: Building] INFO  o.e.m.c.i.embedder.EclipseLogger - Copying 0 resource
2021-08-31 13:27:55,228 [Worker-9: Building] INFO  o.e.m.c.i.embedder.EclipseLogger - Using 'UTF-8' encoding to copy filtered resources.
2021-08-31 13:27:55,228 [Worker-9: Building] INFO  o.e.m.c.i.embedder.EclipseLogger - skip non existing resourceDirectory /Users/pushkarchauhan91/Documents/workspace_sts/workspace_docker_k8s/cloud-gateway/src/test/resources
2021-08-31 13:27:59,568 [Worker-12: Building] INFO  o.e.m.c.i.embedder.EclipseLogger - Using 'UTF-8' encoding to copy filtered resources.
2021-08-31 13:27:59,569 [Worker-12: Building] INFO  o.e.m.c.i.embedder.EclipseLogger - Copying 0 resource
2021-08-31 13:27:59,573 [Worker-12: Building] INFO  o.e.m.c.i.embedder.EclipseLogger - Copying 0 resource
2021-08-31 13:27:59,576 [Worker-12: Building] INFO  o.e.m.c.i.embedder.EclipseLogger - Using 'UTF-8' encoding to copy filtered resources.
2021-08-31 13:27:59,577 [Worker-12: Building] INFO  o.e.m.c.i.embedder.EclipseLogger - skip non existing resourceDirectory /Users/pushkarchauhan91/Documents/workspace_sts/workspace_docker_k8s/cloud-gateway/src/test/resources
2021-08-31 13:28:10,668 [Worker-8: Building] INFO  o.e.m.c.i.l.LifecycleMappingFactory - Using org.eclipse.m2e.jdt.JarLifecycleMapping lifecycle mapping for MavenProject: com.dailycodebuffer:cloud-config-server:0.0.1 @ /Users/pushkarchauhan91/Documents/workspace_sts/workspace_docker_k8s/cloud-config-server/pom.xml.
2021-08-31 13:28:11,923 [Worker-8: Building] INFO  o.e.m.c.i.embedder.EclipseLogger - Using 'UTF-8' encoding to copy filtered resources.
2021-08-31 13:28:11,924 [Worker-8: Building] INFO  o.e.m.c.i.embedder.EclipseLogger - Copying 0 resource
2021-08-31 13:28:11,925 [Worker-8: Building] INFO  o.e.m.c.i.embedder.EclipseLogger - Copying 0 resource
2021-08-31 13:28:11,928 [Worker-8: Building] INFO  o.e.m.c.i.embedder.EclipseLogger - Using 'UTF-8' encoding to copy filtered resources.
2021-08-31 13:28:11,929 [Worker-8: Building] INFO  o.e.m.c.i.embedder.EclipseLogger - skip non existing resourceDirectory /Users/pushkarchauhan91/Documents/workspace_sts/workspace_docker_k8s/cloud-config-server/src/test/resources
2021-08-31 13:28:18,489 [Worker-8: Building] INFO  o.e.m.c.i.embedder.EclipseLogger - Using 'UTF-8' encoding to copy filtered resources.
2021-08-31 13:28:18,491 [Worker-8: Building] INFO  o.e.m.c.i.embedder.EclipseLogger - Copying 0 resource
2021-08-31 13:28:18,491 [Worker-8: Building] INFO  o.e.m.c.i.embedder.EclipseLogger - Copying 0 resource
2021-08-31 13:28:18,496 [Worker-8: Building] INFO  o.e.m.c.i.embedder.EclipseLogger - Using 'UTF-8' encoding to copy filtered resources.
2021-08-31 13:28:18,496 [Worker-8: Building] INFO  o.e.m.c.i.embedder.EclipseLogger - skip non existing resourceDirectory /Users/pushkarchauhan91/Documents/workspace_sts/workspace_docker_k8s/cloud-config-server/src/test/resources
2021-08-31 13:54:34,396 [Worker-19: Building] INFO  o.e.m.c.i.l.LifecycleMappingFactory - Using org.eclipse.m2e.jdt.JarLifecycleMapping lifecycle mapping for MavenProject: com.dailycodebuffer:user-service:0.0.1 @ /Users/pushkarchauhan91/Documents/workspace_sts/workspace_docker_k8s/user-service/pom.xml.
2021-08-31 13:54:37,393 [Worker-19: Building] INFO  o.e.m.c.i.embedder.EclipseLogger - Using 'UTF-8' encoding to copy filtered resources.
2021-08-31 13:54:37,394 [Worker-19: Building] INFO  o.e.m.c.i.embedder.EclipseLogger - Copying 0 resource
2021-08-31 13:54:37,394 [Worker-19: Building] INFO  o.e.m.c.i.embedder.EclipseLogger - Copying 0 resource
2021-08-31 13:54:37,398 [Worker-19: Building] INFO  o.e.m.c.i.embedder.EclipseLogger - Using 'UTF-8' encoding to copy filtered resources.
2021-08-31 13:54:37,398 [Worker-19: Building] INFO  o.e.m.c.i.embedder.EclipseLogger - skip non existing resourceDirectory /Users/pushkarchauhan91/Documents/workspace_sts/workspace_docker_k8s/user-service/src/test/resources
2021-08-31 13:55:02,466 [Worker-20: Building] INFO  o.e.m.c.i.l.LifecycleMappingFactory - Using org.eclipse.m2e.jdt.JarLifecycleMapping lifecycle mapping for MavenProject: com.dailycodebuffer:service-registry:0.0.1 @ /Users/pushkarchauhan91/Documents/workspace_sts/workspace_docker_k8s/service-registry/pom.xml.
2021-08-31 13:55:03,776 [Worker-20: Building] INFO  o.e.m.c.i.embedder.EclipseLogger - Using 'UTF-8' encoding to copy filtered resources.
2021-08-31 13:55:03,776 [Worker-20: Building] INFO  o.e.m.c.i.embedder.EclipseLogger - Copying 0 resource
2021-08-31 13:55:03,776 [Worker-20: Building] INFO  o.e.m.c.i.embedder.EclipseLogger - Copying 0 resource
2021-08-31 13:55:03,781 [Worker-20: Building] INFO  o.e.m.c.i.embedder.EclipseLogger - Using 'UTF-8' encoding to copy filtered resources.
2021-08-31 13:55:03,781 [Worker-20: Building] INFO  o.e.m.c.i.embedder.EclipseLogger - skip non existing resourceDirectory /Users/pushkarchauhan91/Documents/workspace_sts/workspace_docker_k8s/service-registry/src/test/resources
2021-08-31 13:55:08,371 [Worker-16: Building] INFO  o.e.m.c.i.l.LifecycleMappingFactory - Using org.eclipse.m2e.jdt.JarLifecycleMapping lifecycle mapping for MavenProject: com.dailycodebuffer:service-registry:0.0.1 @ /Users/pushkarchauhan91/Documents/workspace_sts/workspace_docker_k8s/service-registry/pom.xml.
2021-08-31 13:55:09,111 [Worker-16: Building] INFO  o.e.m.c.i.embedder.EclipseLogger - Using 'UTF-8' encoding to copy filtered resources.
2021-08-31 13:55:09,117 [Worker-16: Building] INFO  o.e.m.c.i.embedder.EclipseLogger - Copying 2 resources
2021-08-31 13:55:09,125 [Worker-16: Building] INFO  o.e.m.c.i.embedder.EclipseLogger - Copying 0 resource
2021-08-31 13:55:09,128 [Worker-16: Building] INFO  o.e.m.c.i.embedder.EclipseLogger - Using 'UTF-8' encoding to copy filtered resources.
2021-08-31 13:55:09,129 [Worker-16: Building] INFO  o.e.m.c.i.embedder.EclipseLogger - skip non existing resourceDirectory /Users/pushkarchauhan91/Documents/workspace_sts/workspace_docker_k8s/service-registry/src/test/resources
2021-08-31 13:55:19,826 [Worker-19: Building] INFO  o.e.m.c.i.l.LifecycleMappingFactory - Using org.eclipse.m2e.jdt.JarLifecycleMapping lifecycle mapping for MavenProject: com.dailycodebuffer:hystrix-dashboard:0.0.1 @ /Users/pushkarchauhan91/Documents/workspace_sts/workspace_docker_k8s/hystrix-dashboard/pom.xml.
2021-08-31 13:55:20,435 [Worker-19: Building] INFO  o.e.m.c.i.embedder.EclipseLogger - Using 'UTF-8' encoding to copy filtered resources.
2021-08-31 13:55:20,436 [Worker-19: Building] INFO  o.e.m.c.i.embedder.EclipseLogger - Copying 0 resource
2021-08-31 13:55:20,436 [Worker-19: Building] INFO  o.e.m.c.i.embedder.EclipseLogger - Copying 0 resource
2021-08-31 13:55:20,439 [Worker-19: Building] INFO  o.e.m.c.i.embedder.EclipseLogger - Using 'UTF-8' encoding to copy filtered resources.
2021-08-31 13:55:20,439 [Worker-19: Building] INFO  o.e.m.c.i.embedder.EclipseLogger - skip non existing resourceDirectory /Users/pushkarchauhan91/Documents/workspace_sts/workspace_docker_k8s/hystrix-dashboard/src/test/resources
2021-08-31 13:55:26,699 [Worker-20: Building] INFO  o.e.m.c.i.l.LifecycleMappingFactory - Using org.eclipse.m2e.jdt.JarLifecycleMapping lifecycle mapping for MavenProject: com.dailycodebuffer:hystrix-dashboard:0.0.1 @ /Users/pushkarchauhan91/Documents/workspace_sts/workspace_docker_k8s/hystrix-dashboard/pom.xml.
2021-08-31 13:55:27,311 [Worker-20: Building] INFO  o.e.m.c.i.embedder.EclipseLogger - Using 'UTF-8' encoding to copy filtered resources.
2021-08-31 13:55:27,313 [Worker-20: Building] INFO  o.e.m.c.i.embedder.EclipseLogger - Copying 2 resources
2021-08-31 13:55:27,318 [Worker-20: Building] INFO  o.e.m.c.i.embedder.EclipseLogger - Copying 1 resource
2021-08-31 13:55:27,321 [Worker-20: Building] INFO  o.e.m.c.i.embedder.EclipseLogger - Using 'UTF-8' encoding to copy filtered resources.
2021-08-31 13:55:27,322 [Worker-20: Building] INFO  o.e.m.c.i.embedder.EclipseLogger - skip non existing resourceDirectory /Users/pushkarchauhan91/Documents/workspace_sts/workspace_docker_k8s/hystrix-dashboard/src/test/resources
2021-08-31 13:55:30,925 [Worker-19: Building] INFO  o.e.m.c.i.l.LifecycleMappingFactory - Using org.eclipse.m2e.jdt.JarLifecycleMapping lifecycle mapping for MavenProject: com.dailycodebuffer:hystrix-dashboard:0.0.1 @ /Users/pushkarchauhan91/Documents/workspace_sts/workspace_docker_k8s/hystrix-dashboard/pom.xml.
2021-08-31 13:55:31,908 [Worker-19: Building] INFO  o.e.m.c.i.embedder.EclipseLogger - Using 'UTF-8' encoding to copy filtered resources.
2021-08-31 13:55:31,908 [Worker-19: Building] INFO  o.e.m.c.i.embedder.EclipseLogger - Copying 2 resources
2021-08-31 13:55:31,910 [Worker-19: Building] INFO  o.e.m.c.i.embedder.EclipseLogger - Copying 1 resource
2021-08-31 13:55:31,914 [Worker-19: Building] INFO  o.e.m.c.i.embedder.EclipseLogger - Using 'UTF-8' encoding to copy filtered resources.
2021-08-31 13:55:31,915 [Worker-19: Building] INFO  o.e.m.c.i.embedder.EclipseLogger - skip non existing resourceDirectory /Users/pushkarchauhan91/Documents/workspace_sts/workspace_docker_k8s/hystrix-dashboard/src/test/resources
2021-08-31 13:55:44,246 [Worker-19: Building] INFO  o.e.m.c.i.l.LifecycleMappingFactory - Using org.eclipse.m2e.jdt.JarLifecycleMapping lifecycle mapping for MavenProject: com.dailycodebuffer:department-service:0.0.1 @ /Users/pushkarchauhan91/Documents/workspace_sts/workspace_docker_k8s/department-service/pom.xml.
2021-08-31 13:55:45,211 [Worker-19: Building] INFO  o.e.m.c.i.embedder.EclipseLogger - Using 'UTF-8' encoding to copy filtered resources.
2021-08-31 13:55:45,212 [Worker-19: Building] INFO  o.e.m.c.i.embedder.EclipseLogger - Copying 0 resource
2021-08-31 13:55:45,212 [Worker-19: Building] INFO  o.e.m.c.i.embedder.EclipseLogger - Copying 0 resource
2021-08-31 13:55:45,215 [Worker-19: Building] INFO  o.e.m.c.i.embedder.EclipseLogger - Using 'UTF-8' encoding to copy filtered resources.
2021-08-31 13:55:45,216 [Worker-19: Building] INFO  o.e.m.c.i.embedder.EclipseLogger - skip non existing resourceDirectory /Users/pushkarchauhan91/Documents/workspace_sts/workspace_docker_k8s/department-service/src/test/resources
2021-08-31 13:55:59,106 [Worker-20: Building] INFO  o.e.m.c.i.l.LifecycleMappingFactory - Using org.eclipse.m2e.jdt.JarLifecycleMapping lifecycle mapping for MavenProject: com.dailycodebuffer:cloud-gateway:0.0.1 @ /Users/pushkarchauhan91/Documents/workspace_sts/workspace_docker_k8s/cloud-gateway/pom.xml.
2021-08-31 13:56:00,321 [Worker-20: Building] INFO  o.e.m.c.i.embedder.EclipseLogger - Using 'UTF-8' encoding to copy filtered resources.
2021-08-31 13:56:00,321 [Worker-20: Building] INFO  o.e.m.c.i.embedder.EclipseLogger - Copying 0 resource
2021-08-31 13:56:00,322 [Worker-20: Building] INFO  o.e.m.c.i.embedder.EclipseLogger - Copying 0 resource
2021-08-31 13:56:00,325 [Worker-20: Building] INFO  o.e.m.c.i.embedder.EclipseLogger - Using 'UTF-8' encoding to copy filtered resources.
2021-08-31 13:56:00,325 [Worker-20: Building] INFO  o.e.m.c.i.embedder.EclipseLogger - skip non existing resourceDirectory /Users/pushkarchauhan91/Documents/workspace_sts/workspace_docker_k8s/cloud-gateway/src/test/resources
2021-08-31 13:56:11,484 [Worker-16: Building] INFO  o.e.m.c.i.l.LifecycleMappingFactory - Using org.eclipse.m2e.jdt.JarLifecycleMapping lifecycle mapping for MavenProject: com.dailycodebuffer:cloud-config-server:0.0.1 @ /Users/pushkarchauhan91/Documents/workspace_sts/workspace_docker_k8s/cloud-config-server/pom.xml.
2021-08-31 13:56:12,211 [Worker-16: Building] INFO  o.e.m.c.i.embedder.EclipseLogger - Using 'UTF-8' encoding to copy filtered resources.
2021-08-31 13:56:12,211 [Worker-16: Building] INFO  o.e.m.c.i.embedder.EclipseLogger - Copying 0 resource
2021-08-31 13:56:12,212 [Worker-16: Building] INFO  o.e.m.c.i.embedder.EclipseLogger - Copying 0 resource
2021-08-31 13:56:12,214 [Worker-16: Building] INFO  o.e.m.c.i.embedder.EclipseLogger - Using 'UTF-8' encoding to copy filtered resources.
2021-08-31 13:56:12,214 [Worker-16: Building] INFO  o.e.m.c.i.embedder.EclipseLogger - skip non existing resourceDirectory /Users/pushkarchauhan91/Documents/workspace_sts/workspace_docker_k8s/cloud-config-server/src/test/resources
2021-08-31 14:25:23,806 [Worker-26: Building] INFO  o.e.m.c.i.embedder.EclipseLogger - Using 'UTF-8' encoding to copy filtered resources.
2021-08-31 14:25:23,808 [Worker-26: Building] INFO  o.e.m.c.i.embedder.EclipseLogger - Copying 0 resource
2021-08-31 14:25:23,812 [Worker-26: Building] INFO  o.e.m.c.i.embedder.EclipseLogger - Copying 0 resource
2021-08-31 14:25:23,815 [Worker-26: Building] INFO  o.e.m.c.i.embedder.EclipseLogger - Using 'UTF-8' encoding to copy filtered resources.
2021-08-31 14:25:23,816 [Worker-26: Building] INFO  o.e.m.c.i.embedder.EclipseLogger - skip non existing resourceDirectory /Users/pushkarchauhan91/Documents/workspace_sts/workspace_docker_k8s/user-service/src/test/resources
2021-08-31 14:25:46,471 [Worker-26: Building] INFO  o.e.m.c.i.embedder.EclipseLogger - Using 'UTF-8' encoding to copy filtered resources.
2021-08-31 14:25:46,472 [Worker-26: Building] INFO  o.e.m.c.i.embedder.EclipseLogger - Copying 0 resource
2021-08-31 14:25:46,473 [Worker-26: Building] INFO  o.e.m.c.i.embedder.EclipseLogger - Copying 0 resource
2021-08-31 14:25:46,800 [Worker-26: Building] INFO  o.e.m.c.i.embedder.EclipseLogger - Using 'UTF-8' encoding to copy filtered resources.
2021-08-31 14:25:46,800 [Worker-26: Building] INFO  o.e.m.c.i.embedder.EclipseLogger - skip non existing resourceDirectory /Users/pushkarchauhan91/Documents/workspace_sts/workspace_docker_k8s/user-service/src/test/resources
2021-08-31 14:25:54,557 [Worker-26: Building] INFO  o.e.m.c.i.embedder.EclipseLogger - Using 'UTF-8' encoding to copy filtered resources.
2021-08-31 14:25:54,560 [Worker-26: Building] INFO  o.e.m.c.i.embedder.EclipseLogger - Copying 0 resource
2021-08-31 14:25:54,561 [Worker-26: Building] INFO  o.e.m.c.i.embedder.EclipseLogger - Copying 0 resource
2021-08-31 14:25:54,572 [Worker-26: Building] INFO  o.e.m.c.i.embedder.EclipseLogger - Using 'UTF-8' encoding to copy filtered resources.
2021-08-31 14:25:54,572 [Worker-26: Building] INFO  o.e.m.c.i.embedder.EclipseLogger - skip non existing resourceDirectory /Users/pushkarchauhan91/Documents/workspace_sts/workspace_docker_k8s/service-registry/src/test/resources
2021-08-31 14:25:54,861 [Worker-28: Building] INFO  o.e.m.c.i.embedder.EclipseLogger - Using 'UTF-8' encoding to copy filtered resources.
2021-08-31 14:25:54,862 [Worker-28: Building] INFO  o.e.m.c.i.embedder.EclipseLogger - Copying 0 resource
2021-08-31 14:25:54,862 [Worker-28: Building] INFO  o.e.m.c.i.embedder.EclipseLogger - Copying 0 resource
2021-08-31 14:25:54,866 [Worker-28: Building] INFO  o.e.m.c.i.embedder.EclipseLogger - Using 'UTF-8' encoding to copy filtered resources.
2021-08-31 14:25:54,867 [Worker-28: Building] INFO  o.e.m.c.i.embedder.EclipseLogger - skip non existing resourceDirectory /Users/pushkarchauhan91/Documents/workspace_sts/workspace_docker_k8s/hystrix-dashboard/src/test/resources
2021-08-31 14:25:57,849 [Worker-26: Building] INFO  o.e.m.c.i.embedder.EclipseLogger - Using 'UTF-8' encoding to copy filtered resources.
2021-08-31 14:25:57,849 [Worker-26: Building] INFO  o.e.m.c.i.embedder.EclipseLogger - Copying 0 resource
2021-08-31 14:25:57,850 [Worker-26: Building] INFO  o.e.m.c.i.embedder.EclipseLogger - Copying 0 resource
2021-08-31 14:25:57,853 [Worker-26: Building] INFO  o.e.m.c.i.embedder.EclipseLogger - Using 'UTF-8' encoding to copy filtered resources.
2021-08-31 14:25:57,853 [Worker-26: Building] INFO  o.e.m.c.i.embedder.EclipseLogger - skip non existing resourceDirectory /Users/pushkarchauhan91/Documents/workspace_sts/workspace_docker_k8s/department-service/src/test/resources
2021-08-31 14:25:59,974 [Worker-28: Building] INFO  o.e.m.c.i.embedder.EclipseLogger - Using 'UTF-8' encoding to copy filtered resources.
2021-08-31 14:25:59,974 [Worker-28: Building] INFO  o.e.m.c.i.embedder.EclipseLogger - Copying 0 resource
2021-08-31 14:25:59,974 [Worker-28: Building] INFO  o.e.m.c.i.embedder.EclipseLogger - Copying 0 resource
2021-08-31 14:25:59,976 [Worker-28: Building] INFO  o.e.m.c.i.embedder.EclipseLogger - Using 'UTF-8' encoding to copy filtered resources.
2021-08-31 14:25:59,977 [Worker-28: Building] INFO  o.e.m.c.i.embedder.EclipseLogger - skip non existing resourceDirectory /Users/pushkarchauhan91/Documents/workspace_sts/workspace_docker_k8s/cloud-gateway/src/test/resources
2021-08-31 14:26:01,803 [Worker-24: Building] INFO  o.e.m.c.i.embedder.EclipseLogger - Using 'UTF-8' encoding to copy filtered resources.
2021-08-31 14:26:01,805 [Worker-24: Building] INFO  o.e.m.c.i.embedder.EclipseLogger - Copying 0 resource
2021-08-31 14:26:01,805 [Worker-24: Building] INFO  o.e.m.c.i.embedder.EclipseLogger - Copying 0 resource
2021-08-31 14:26:01,807 [Worker-24: Building] INFO  o.e.m.c.i.embedder.EclipseLogger - Using 'UTF-8' encoding to copy filtered resources.
2021-08-31 14:26:01,807 [Worker-24: Building] INFO  o.e.m.c.i.embedder.EclipseLogger - skip non existing resourceDirectory /Users/pushkarchauhan91/Documents/workspace_sts/workspace_docker_k8s/cloud-config-server/src/test/resources
2021-08-31 14:26:19,927 [Worker-24: Building] INFO  o.e.m.c.i.embedder.EclipseLogger - Using 'UTF-8' encoding to copy filtered resources.
2021-08-31 14:26:19,929 [Worker-24: Building] INFO  o.e.m.c.i.embedder.EclipseLogger - Copying 0 resource
2021-08-31 14:26:19,929 [Worker-24: Building] INFO  o.e.m.c.i.embedder.EclipseLogger - Copying 0 resource
2021-08-31 14:26:19,935 [Worker-24: Building] INFO  o.e.m.c.i.embedder.EclipseLogger - Using 'UTF-8' encoding to copy filtered resources.
2021-08-31 14:26:19,936 [Worker-24: Building] INFO  o.e.m.c.i.embedder.EclipseLogger - skip non existing resourceDirectory /Users/pushkarchauhan91/Documents/workspace_sts/workspace_docker_k8s/user-service/src/test/resources
2021-08-31 14:27:07,203 [Worker-26: Building] INFO  o.e.m.c.i.embedder.EclipseLogger - Using 'UTF-8' encoding to copy filtered resources.
2021-08-31 14:27:07,215 [Worker-26: Building] INFO  o.e.m.c.i.embedder.EclipseLogger - Copying 0 resource
2021-08-31 14:27:07,215 [Worker-26: Building] INFO  o.e.m.c.i.embedder.EclipseLogger - Copying 0 resource
2021-08-31 14:27:07,218 [Worker-26: Building] INFO  o.e.m.c.i.embedder.EclipseLogger - Using 'UTF-8' encoding to copy filtered resources.
2021-08-31 14:27:07,219 [Worker-26: Building] INFO  o.e.m.c.i.embedder.EclipseLogger - skip non existing resourceDirectory /Users/pushkarchauhan91/Documents/workspace_sts/workspace_docker_k8s/user-service/src/test/resources
